
> vibe-generated-app@1.0.0 dev
> vite


  VITE v5.4.20  ready in 260 ms

  ➜  Local:   http://localhost:3000/
  ➜  Network: http://172.20.30.156:3000/
10:08:00 AM [vite] Pre-transform error: Failed to resolve import "gsap" from "src/components/Hero.jsx". Does the file exist?
10:08:00 AM [vite] Pre-transform error: Failed to resolve import "gsap" from "src/components/Contact.jsx". Does the file exist?
10:08:00 AM [vite] Pre-transform error: Failed to resolve import "gsap" from "src/components/Projects.jsx". Does the file exist?
10:08:01 AM [vite] Internal server error: Failed to resolve import "gsap" from "src/components/Hero.jsx". Does the file exist?
  Plugin: vite:import-analysis
  File: /home/workspace/src/components/Hero.jsx:13:38
  10 |      async function animate() {
  11 |        try {
  12 |          const { gsap } = await import("gsap");
     |                                        ^
  13 |          ctx = gsap.context(() => {
  14 |            gsap.fromTo(
      at TransformPluginContext._formatError (file:///home/workspace/node_modules/vite/dist/node/chunks/dep-D_zLpgQd.js:49258:41)
      at TransformPluginContext.error (file:///home/workspace/node_modules/vite/dist/node/chunks/dep-D_zLpgQd.js:49253:16)
      at normalizeUrl (file:///home/workspace/node_modules/vite/dist/node/chunks/dep-D_zLpgQd.js:64306:23)
      at process.processTicksAndRejections (node:internal/process/task_queues:105:5)
      at async file:///home/workspace/node_modules/vite/dist/node/chunks/dep-D_zLpgQd.js:64438:39
      at async Promise.all (index 3)
      at async TransformPluginContext.transform (file:///home/workspace/node_modules/vite/dist/node/chunks/dep-D_zLpgQd.js:64365:7)
      at async PluginContainer.transform (file:///home/workspace/node_modules/vite/dist/node/chunks/dep-D_zLpgQd.js:49099:18)
      at async loadAndTransform (file:///home/workspace/node_modules/vite/dist/node/chunks/dep-D_zLpgQd.js:51977:27)
      at async viteTransformMiddleware (file:///home/workspace/node_modules/vite/dist/node/chunks/dep-D_zLpgQd.js:62105:24)
10:08:01 AM [vite] ✨ new dependencies optimized: lucide-react, @splinetool/react-spline
10:08:01 AM [vite] ✨ optimized dependencies changed. reloading
10:08:01 AM [vite] Internal server error: Failed to resolve import "gsap" from "src/components/Projects.jsx". Does the file exist?
  Plugin: vite:import-analysis
  File: /home/workspace/src/components/Projects.jsx:29:38
  25 |      async function animate() {
  26 |        try {
  27 |          const { gsap } = await import("gsap");
     |                                        ^
  28 |          const { ScrollTrigger } = await import("gsap/ScrollTrigger");
  29 |          gsap.registerPlugin(ScrollTrigger);
      at TransformPluginContext._formatError (file:///home/workspace/node_modules/vite/dist/node/chunks/dep-D_zLpgQd.js:49258:41)
      at TransformPluginContext.error (file:///home/workspace/node_modules/vite/dist/node/chunks/dep-D_zLpgQd.js:49253:16)
      at normalizeUrl (file:///home/workspace/node_modules/vite/dist/node/chunks/dep-D_zLpgQd.js:64306:23)
      at process.processTicksAndRejections (node:internal/process/task_queues:105:5)
      at async file:///home/workspace/node_modules/vite/dist/node/chunks/dep-D_zLpgQd.js:64438:39
      at async Promise.all (index 2)
      at async TransformPluginContext.transform (file:///home/workspace/node_modules/vite/dist/node/chunks/dep-D_zLpgQd.js:64365:7)
      at async PluginContainer.transform (file:///home/workspace/node_modules/vite/dist/node/chunks/dep-D_zLpgQd.js:49099:18)
      at async loadAndTransform (file:///home/workspace/node_modules/vite/dist/node/chunks/dep-D_zLpgQd.js:51977:27)
      at async viteTransformMiddleware (file:///home/workspace/node_modules/vite/dist/node/chunks/dep-D_zLpgQd.js:62105:24)
10:08:01 AM [vite] Internal server error: Failed to resolve import "gsap" from "src/components/Contact.jsx". Does the file exist?
  Plugin: vite:import-analysis
  File: /home/workspace/src/components/Contact.jsx:10:38
  7  |      async function animate() {
  8  |        try {
  9  |          const { gsap } = await import("gsap");
     |                                        ^
  10 |          const { ScrollTrigger } = await import("gsap/ScrollTrigger");
  11 |          gsap.registerPlugin(ScrollTrigger);
      at TransformPluginContext._formatError (file:///home/workspace/node_modules/vite/dist/node/chunks/dep-D_zLpgQd.js:49258:41)
      at TransformPluginContext.error (file:///home/workspace/node_modules/vite/dist/node/chunks/dep-D_zLpgQd.js:49253:16)
      at normalizeUrl (file:///home/workspace/node_modules/vite/dist/node/chunks/dep-D_zLpgQd.js:64306:23)
      at process.processTicksAndRejections (node:internal/process/task_queues:105:5)
      at async file:///home/workspace/node_modules/vite/dist/node/chunks/dep-D_zLpgQd.js:64438:39
      at async Promise.all (index 2)
      at async TransformPluginContext.transform (file:///home/workspace/node_modules/vite/dist/node/chunks/dep-D_zLpgQd.js:64365:7)
      at async PluginContainer.transform (file:///home/workspace/node_modules/vite/dist/node/chunks/dep-D_zLpgQd.js:49099:18)
      at async loadAndTransform (file:///home/workspace/node_modules/vite/dist/node/chunks/dep-D_zLpgQd.js:51977:27)
      at async viteTransformMiddleware (file:///home/workspace/node_modules/vite/dist/node/chunks/dep-D_zLpgQd.js:62105:24)
10:08:01 AM [vite] Pre-transform error: Failed to resolve import "gsap" from "src/components/Hero.jsx". Does the file exist?
10:08:01 AM [vite] Pre-transform error: Failed to resolve import "gsap" from "src/components/Projects.jsx". Does the file exist?
10:08:01 AM [vite] Pre-transform error: Failed to resolve import "gsap" from "src/components/Contact.jsx". Does the file exist?
